1 10 20
100 200 125
201 210 89
900 1000 174
478028 489716 413
289826 582734 470
652070 338501 509
699128 796387 504
75898 258484 443
133576 831116 509
671570 337494 509
599762 342316 470
662659 665558 442
9217 453827 449
630890 2106 509
480561 556977 470
191437 976380 525
567658 916657 525
546631 648285 509
883912 852082 432
758118 376221 509
851777 902649 445
798462 10804 509
645936 172577 509
429139 83527 449
438172 96772 449
828949 513489 509
421906 309662 449
789887 35584 509
416779 254120 449
329651 690522 509
752869 762909 424
870209 927674 476
239625 207154 443
819916 789094 468
954255 57068 525
4192 821628 509
236704 792944 509
400296 972402 525
440156 781387 509
178728 391885 443
263248 569851 470
446680 624225 470
245476 21008 443
4563 731277 509
505135 598327 470
747988 240932 509
700352 84281 509
471439 994371 525
955399 106522 525
50606 51074 278
53667 462689 449
973798 981638 427
496393 441592 444
220534 803122 509
778381 985577 525
846972 944893 507
790225 278728 509
22004 442463 449
873799 473200 525
782157 181477 509
731876 82085 509
641706 118052 509
257955 983257 525
428210 835338 509
847730 209610 525
469076 497743 426
321981 798472 509
601946 664459 509
581782 942036 525
220841 834978 509
235902 268772 407
572179 813722 509
255763 995652 525
492697 46413 449
356053 517334 470
19584 100090 351
690134 736954 504
428878 127029 449
72638 487432 449
479009 716287 509
278136 621626 470
211373 303472 443
314557 250983 407
322128 68560 443
943803 409642 525
708564 277126 509
532321 214305 470
951616 957224 414
992074 757074 525
140955 403505 443
256899 965799 525
2878 368528 443
164795 898010 525
955861 45021 525
904198 60524 525
331762 46566 443
427854 40206 449
10701 465256 449
602390 687 470
664371 798316 504
803527 566414 509
268981 776092 509
241874 759957 509
999171 806863 525
497282 906997 525
420926 702306 509
336328 477085 449
126506 660337 509
621730 750847 509
925858 661314 525
353896 616125 470
100546 819583 509
233368 898815 525
990365 515435 525
313751 344044 384
426809 171088 449
947179 117277 525
393585 695789 509
502652 705404 509
612400 392755 470
95061 999933 525
